c:\users\nissi\documents\limudim\קומפילציה\מטלה 3\projectcompilation\projectcompilation\debug\vc142.pdb
c:\users\nissi\documents\limudim\קומפילציה\מטלה 3\projectcompilation\projectcompilation\debug\vc142.idb
c:\users\nissi\documents\limudim\קומפילציה\מטלה 3\projectcompilation\projectcompilation\debug\win.lex.yy.obj
c:\users\nissi\documents\limudim\קומפילציה\מטלה 3\projectcompilation\projectcompilation\debug\symboltable.obj
c:\users\nissi\documents\limudim\קומפילציה\מטלה 3\projectcompilation\projectcompilation\debug\token.obj
c:\users\nissi\documents\limudim\קומפילציה\מטלה 3\projectcompilation\projectcompilation\debug\parser.obj
c:\users\nissi\documents\limudim\קומפילציה\מטלה 3\projectcompilation\debug\projectcompilation.pdb
c:\users\nissi\documents\limudim\קומפילציה\מטלה 3\projectcompilation\projectcompilation\debug\projectc.05b264d3.tlog\cl.command.1.tlog
c:\users\nissi\documents\limudim\קומפילציה\מטלה 3\projectcompilation\projectcompilation\debug\projectc.05b264d3.tlog\cl.read.1.tlog
c:\users\nissi\documents\limudim\קומפילציה\מטלה 3\projectcompilation\projectcompilation\debug\projectc.05b264d3.tlog\cl.write.1.tlog
c:\users\nissi\documents\limudim\קומפילציה\מטלה 3\projectcompilation\projectcompilation\debug\projectc.05b264d3.tlog\link-cvtres.read.1.tlog
c:\users\nissi\documents\limudim\קומפילציה\מטלה 3\projectcompilation\projectcompilation\debug\projectc.05b264d3.tlog\link-cvtres.write.1.tlog
c:\users\nissi\documents\limudim\קומפילציה\מטלה 3\projectcompilation\projectcompilation\debug\projectc.05b264d3.tlog\link-rc.read.1.tlog
c:\users\nissi\documents\limudim\קומפילציה\מטלה 3\projectcompilation\projectcompilation\debug\projectc.05b264d3.tlog\link-rc.write.1.tlog
c:\users\nissi\documents\limudim\קומפילציה\מטלה 3\projectcompilation\projectcompilation\debug\projectc.05b264d3.tlog\link.23292-cvtres.read.1.tlog
c:\users\nissi\documents\limudim\קומפילציה\מטלה 3\projectcompilation\projectcompilation\debug\projectc.05b264d3.tlog\link.23292-cvtres.write.1.tlog
c:\users\nissi\documents\limudim\קומפילציה\מטלה 3\projectcompilation\projectcompilation\debug\projectc.05b264d3.tlog\link.23292-rc.read.1.tlog
c:\users\nissi\documents\limudim\קומפילציה\מטלה 3\projectcompilation\projectcompilation\debug\projectc.05b264d3.tlog\link.23292-rc.write.1.tlog
c:\users\nissi\documents\limudim\קומפילציה\מטלה 3\projectcompilation\projectcompilation\debug\projectc.05b264d3.tlog\link.23292.read.1.tlog
c:\users\nissi\documents\limudim\קומפילציה\מטלה 3\projectcompilation\projectcompilation\debug\projectc.05b264d3.tlog\link.23292.write.1.tlog
c:\users\nissi\documents\limudim\קומפילציה\מטלה 3\projectcompilation\projectcompilation\debug\projectc.05b264d3.tlog\link.command.1.tlog
c:\users\nissi\documents\limudim\קומפילציה\מטלה 3\projectcompilation\projectcompilation\debug\projectc.05b264d3.tlog\link.read.1.tlog
c:\users\nissi\documents\limudim\קומפילציה\מטלה 3\projectcompilation\projectcompilation\debug\projectc.05b264d3.tlog\link.write.1.tlog
